There is not different in resources.
"start to build alibaba sophix patch, tool verison: 2.0.0\r"
"forceColdFix: false\r"
"ignoreSo: false\r"
"assembleResourceFile res:C:/Users/Administrator/Desktop/fix/SophixPatchTool_windows/SophixPatchTool-3.0.0\\cache\\patch\\ resid:C:/Users/Administrator/Desktop/fix/SophixPatchTool_windows/SophixPatchTool-3.0.0\\cache\\patch\\overlay_map.txt\r"
"SOPatch start buildSOLib newApkLib:C:\\Users\\Administrator\\Desktop\\fix\\hotfix-working\\apatch-tmp\\unzip\\new.apk\r"
"SOPatch no found libXXX.so files changed\r"
"prepareDexClassDef beginC:\\Users\\Administrator\\Desktop\\fix\\hotfix-working\\apatch-tmp\\unzip\\base.apk baseApk: true\r"
"prepareDexClassDef no resIdMapFile exit\r"
"scanClasses disassembleClass to smaliDir:null dexFiles:[C:\\Users\\Administrator\\Desktop\\fix\\hotfix-working\\apatch-tmp\\unzip\\base.apk\\classes.dex]\r"
"prepareDexClassDef beginC:\\Users\\Administrator\\Desktop\\fix\\hotfix-working\\apatch-tmp\\unzip\\new.apk baseApk: false\r"
"prepareDexClassDef no resIdMapFile exit\r"
"scanClasses disassembleClass to smaliDir:null dexFiles:[C:\\Users\\Administrator\\Desktop\\fix\\hotfix-working\\apatch-tmp\\unzip\\new.apk\\classes.dex]\r"
"add modified method:V  setContent()  in Class:Lcom/deepshare/hotfixdemo/MainActivity;\r"
"hotFixJudge true: patch support hot fix\r"
"add used class:Landroid/support/v7/app/AppCompatActivity;\r"
"add used method:Landroid/support/v7/app/AppCompatActivity;:<init>:[]:V\r"
"add used method:Landroid/support/v7/app/AppCompatActivity;:onCreate:[Landroid/os/Bundle;]:V\r"
"add used class:Lcom/deepshare/hotfixdemo/MainActivity;\r"
"add used method:Lcom/deepshare/hotfixdemo/MainActivity;:setContentView:[I]:V\r"
"add used method:Lcom/deepshare/hotfixdemo/MainActivity;:findViewById:[I]:Landroid/view/View;\r"
"add used class:Landroid/widget/TextView;\r"
"add used field:Lcom/deepshare/hotfixdemo/MainActivity;:Landroid/widget/TextView;:tv_hello\r"
"add used method:Lcom/deepshare/hotfixdemo/MainActivity;:setContent:[]:V\r"
"add used method:Landroid/widget/TextView;:setText:[Ljava/lang/CharSequence;]:V\r"
"ColdFix buildPatchClasses patchClasses:[Lcom/deepshare/hotfixdemo/MainActivity;-Landroid/support/annotation/AnimRes;-2674]\r"
"hotFixJudge false method: Landroid/support/v7/app/AppCompatActivity;:onCreate:[Landroid/os/Bundle;]:V not public\r"
"HotFix patchClasses:[Lcom/deepshare/hotfixdemo/MainActivity;]\r"
"start sign patch file\r"
"dopatch success, final patch file is: C:\\Users\\Administrator\\Desktop\\fix\\sophix-patch.jar\r"
"Exception in thread \"main\" "
"java.io.IOException: Unable to delete file: C:\\Users\\Administrator\\Desktop\\fix\\hotfix-working\\apatch-tmp\\com_taobao_maindex\\smali\\com\\deepshare\\hotfixdemo\\MainActivity.smali\r"
"\tat a.b.a.c.b.g(FileUtils.java:2279)\r"
"\tat a.b.a.c.b.c(FileUtils.java:1653)\r"
"\tat a.b.a.c.b.b(FileUtils.java:1535)\r"
"\tat a.b.a.c.b.g(FileUtils.java:2270)\r"
"\tat a.b.a.c.b.c(FileUtils.java:1653)\r"
"\tat a.b.a.c.b.b(FileUtils.java:1535)\r"
"\tat a.b.a.c.b.g(FileUtils.java:2270)\r"
"\tat a.b.a.c.b.c(FileUtils.java:1653)\r"
"\tat a.b.a.c.b.b(FileUtils.java:1535)\r"
"\tat a.b.a.c.b.g(FileUtils.java:2270)\r"
"\tat a.b.a.c.b.c(FileUtils.java:1653)\r"
"\tat a.b.a.c.b.b(FileUtils.java:1535)\r"
"\tat a.b.a.c.b.g(FileUtils.java:2270)\r"
"\tat a.b.a.c.b.c(FileUtils.java:1653)\r"
"\tat a.b.a.c.b.b(FileUtils.java:1535)\r"
"\tat a.b.a.c.b.g(FileUtils.java:2270)\r"
"\tat a.b.a.c.b.c(FileUtils.java:1653)\r"
"\tat a.b.a.c.b.b(FileUtils.java:1535)\r"
"\tat a.b.a.c.b.g(FileUtils.java:2270)\r"
"\tat a.b.a.c.b.c(FileUtils.java:1653)\r"
"\tat a.b.a.c.b.b(FileUtils.java:1535)\r"
"\tat com.taobao.baichuan.a.b.a(PatchCommand.java:99)\r"
"\tat com.taobao.baichuan.App.main(App.java:54)\r"
